app/buildsd/intermediates/manifest_merge_blame_file/release/manifest-merger-blame-release-report.txt
1<?xml version="1.0" encoding="utf-8"?>
2<manifest xmlns:android="http://schemas.android.com/apk/res/android"
3    package="com.joyholdings.tunnel"
4    android:versionCode="811"
5    android:versionName="8.1.1" >
6
7    <uses-sdk
8        android:minSdkVersion="19"
8-->src\main\AndroidManifest.xml
9        android:targetSdkVersion="30" />
9-->src\main\AndroidManifest.xml
10
11    <uses-permission android:name="com.android.vending.BILLING" />
11-->src\main\AndroidManifest.xml:4:5-67
11-->src\main\AndroidManifest.xml:4:22-64
12    <uses-permission android:name="android.permission.INTERNET" />
12-->src\main\AndroidManifest.xml:5:5-67
12-->src\main\AndroidManifest.xml:5:22-64
13    <uses-permission android:name="android.permission.ACCESS_NETWORK_STATE" />
13-->[com.google.android.gms:play-services-ads-lite:22.2.0] AndroidManifest.xml:25:5-79
13-->[com.google.android.gms:play-services-ads-lite:22.2.0] AndroidManifest.xml:25:22-76
14    <uses-permission android:name="com.google.android.gms.permission.AD_ID" /> <!-- Android package visibility setting -->
14-->[com.google.android.gms:play-services-ads-lite:22.2.0] AndroidManifest.xml:26:5-79
14-->[com.google.android.gms:play-services-ads-lite:22.2.0] AndroidManifest.xml:26:22-76
15    <queries>
15-->[com.google.android.gms:play-services-ads-lite:22.2.0] AndroidManifest.xml:32:5-48:15
16
17        <!-- For browser content -->
18        <intent>
18-->[com.google.android.gms:play-services-ads-lite:22.2.0] AndroidManifest.xml:35:9-41:18
19            <action android:name="android.intent.action.VIEW" />
19-->[com.google.android.gms:play-services-ads-lite:22.2.0] AndroidManifest.xml:36:13-65
19-->[com.google.android.gms:play-services-ads-lite:22.2.0] AndroidManifest.xml:36:21-62
20
21            <category android:name="android.intent.category.BROWSABLE" />
21-->[com.google.android.gms:play-services-ads-lite:22.2.0] AndroidManifest.xml:38:13-74
21-->[com.google.android.gms:play-services-ads-lite:22.2.0] AndroidManifest.xml:38:23-71
22
23            <data android:scheme="https" />
23-->[com.google.android.gms:play-services-ads-lite:22.2.0] AndroidManifest.xml:40:13-44
23-->[com.google.android.gms:play-services-ads-lite:22.2.0] AndroidManifest.xml:40:19-41
24        </intent>
25        <!-- End of browser content -->
26        <!-- For CustomTabsService -->
27        <intent>
27-->[com.google.android.gms:play-services-ads-lite:22.2.0] AndroidManifest.xml:44:9-46:18
28            <action android:name="android.support.customtabs.action.CustomTabsService" />
28-->[com.google.android.gms:play-services-ads-lite:22.2.0] AndroidManifest.xml:45:13-90
28-->[com.google.android.gms:play-services-ads-lite:22.2.0] AndroidManifest.xml:45:21-87
29        </intent>
30        <!-- End of CustomTabsService -->
31    </queries>
32
33    <uses-permission android:name="android.permission.WAKE_LOCK" />
33-->[androidx.work:work-runtime:2.7.0] AndroidManifest.xml:25:5-68
33-->[androidx.work:work-runtime:2.7.0] AndroidManifest.xml:25:22-65
34    <uses-permission android:name="android.permission.FOREGROUND_SERVICE" />
34-->[androidx.work:work-runtime:2.7.0] AndroidManifest.xml:28:5-77
34-->[androidx.work:work-runtime:2.7.0] AndroidManifest.xml:28:22-74
35    <uses-permission android:name="com.google.android.finsky.permission.BIND_GET_INSTALL_REFERRER_SERVICE" />
35-->[com.google.android.gms:play-services-measurement:21.3.0] AndroidManifest.xml:26:5-110
35-->[com.google.android.gms:play-services-measurement:21.3.0] AndroidManifest.xml:26:22-107
36
37    <application
37-->src\main\AndroidManifest.xml:7:5-43:19
38        android:name="androidx.multidex.MultiDexApplication"
39        android:allowBackup="false"
39-->src\main\AndroidManifest.xml:8:9-36
40        android:appComponentFactory="androidx.core.app.CoreComponentFactory"
40-->[androidx.core:core:1.6.0] AndroidManifest.xml:24:18-86
41        android:fullBackupContent="false"
41-->src\main\AndroidManifest.xml:9:9-42
42        android:icon="@mipmap/ic_launcher"
42-->src\main\AndroidManifest.xml:10:9-43
43        android:label="@string/app_name" >
43-->src\main\AndroidManifest.xml:11:9-41
44        <meta-data
44-->src\main\AndroidManifest.xml:13:9-15:70
45            android:name="com.google.android.gms.ads.APPLICATION_ID"
45-->src\main\AndroidManifest.xml:14:13-69
46            android:value="ca-app-pub-4370884607853019~7613247894" />
46-->src\main\AndroidManifest.xml:15:13-67
47
48        <activity
48-->src\main\AndroidManifest.xml:17:9-32:20
49            android:name="android.app.NativeActivity"
49-->src\main\AndroidManifest.xml:18:13-54
50            android:configChanges="orientation|keyboardHidden|keyboard|screenSize"
50-->src\main\AndroidManifest.xml:19:13-83
51            android:label="@string/app_name"
51-->src\main\AndroidManifest.xml:20:13-45
52            android:screenOrientation="landscape"
52-->src\main\AndroidManifest.xml:21:13-50
53            android:theme="@style/AppTheme" >
53-->src\main\AndroidManifest.xml:22:13-44
54            <meta-data
54-->src\main\AndroidManifest.xml:23:13-25:40
55                android:name="android.app.lib_name"
55-->src\main\AndroidManifest.xml:24:17-52
56                android:value="game" />
56-->src\main\AndroidManifest.xml:25:17-37
57
58            <intent-filter>
58-->src\main\AndroidManifest.xml:27:13-31:29
59                <action android:name="android.intent.action.MAIN" />
59-->src\main\AndroidManifest.xml:28:17-69
59-->src\main\AndroidManifest.xml:28:25-66
60
61                <category android:name="android.intent.category.LAUNCHER" />
61-->src\main\AndroidManifest.xml:30:17-77
61-->src\main\AndroidManifest.xml:30:27-74
62            </intent-filter>
63        </activity>
64        <activity
64-->src\main\AndroidManifest.xml:33:9-42:20
65            android:name="com.example.namespace.InterstitiallActivity"
65-->src\main\AndroidManifest.xml:34:13-50
66            android:label="@string/app_name"
66-->src\main\AndroidManifest.xml:35:13-45
67            android:theme="@android:style/Theme.NoTitleBar.Fullscreen" >
67-->src\main\AndroidManifest.xml:36:13-71
68            <intent-filter>
68-->src\main\AndroidManifest.xml:37:13-41:29
69                <action android:name="com.joyholdings.tunnel.InterstitiallActivity" />
69-->src\main\AndroidManifest.xml:38:17-87
69-->src\main\AndroidManifest.xml:38:25-84
70
71                <category android:name="android.intent.category.DEFAULT" />
71-->src\main\AndroidManifest.xml:40:17-76
71-->src\main\AndroidManifest.xml:40:27-73
72            </intent-filter>
73        </activity>
74
75        <meta-data
75-->[com.android.billingclient:billing:5.0.0] AndroidManifest.xml:13:9-15:37
76            android:name="com.google.android.play.billingclient.version"
76-->[com.android.billingclient:billing:5.0.0] AndroidManifest.xml:14:13-73
77            android:value="5.0.0" />
77-->[com.android.billingclient:billing:5.0.0] AndroidManifest.xml:15:13-34
78
79        <activity
79-->[com.android.billingclient:billing:5.0.0] AndroidManifest.xml:17:9-21:75
80            android:name="com.android.billingclient.api.ProxyBillingActivity"
80-->[com.android.billingclient:billing:5.0.0] AndroidManifest.xml:18:13-78
81            android:configChanges="keyboard|keyboardHidden|screenLayout|screenSize|orientation"
81-->[com.android.billingclient:billing:5.0.0] AndroidManifest.xml:19:13-96
82            android:exported="false"
82-->[com.android.billingclient:billing:5.0.0] AndroidManifest.xml:20:13-37
83            android:theme="@android:style/Theme.Translucent.NoTitleBar" /> <!-- Include the AdActivity and InAppPurchaseActivity configChanges and themes. -->
83-->[com.android.billingclient:billing:5.0.0] AndroidManifest.xml:21:13-72
84        <activity
84-->[com.google.android.gms:play-services-ads-lite:22.2.0] AndroidManifest.xml:53:9-58:43
85            android:name="com.google.android.gms.ads.AdActivity"
85-->[com.google.android.gms:play-services-ads-lite:22.2.0] AndroidManifest.xml:54:13-65
86            android:configChanges="keyboard|keyboardHidden|orientation|screenLayout|uiMode|screenSize|smallestScreenSize"
86-->[com.google.android.gms:play-services-ads-lite:22.2.0] AndroidManifest.xml:55:13-122
87            android:exported="false"
87-->[com.google.android.gms:play-services-ads-lite:22.2.0] AndroidManifest.xml:56:13-37
88            android:theme="@android:style/Theme.Translucent" />
88-->[com.google.android.gms:play-services-ads-lite:22.2.0] AndroidManifest.xml:57:13-61
89
90        <provider
90-->[com.google.android.gms:play-services-ads-lite:22.2.0] AndroidManifest.xml:60:9-65:43
91            android:name="com.google.android.gms.ads.MobileAdsInitProvider"
91-->[com.google.android.gms:play-services-ads-lite:22.2.0] AndroidManifest.xml:61:13-76
92            android:authorities="com.joyholdings.tunnel.mobileadsinitprovider"
92-->[com.google.android.gms:play-services-ads-lite:22.2.0] AndroidManifest.xml:62:13-73
93            android:exported="false"
93-->[com.google.android.gms:play-services-ads-lite:22.2.0] AndroidManifest.xml:63:13-37
94            android:initOrder="100" />
94-->[com.google.android.gms:play-services-ads-lite:22.2.0] AndroidManifest.xml:64:13-36
95
96        <service
96-->[com.google.android.gms:play-services-ads-lite:22.2.0] AndroidManifest.xml:67:9-71:43
97            android:name="com.google.android.gms.ads.AdService"
97-->[com.google.android.gms:play-services-ads-lite:22.2.0] AndroidManifest.xml:68:13-64
98            android:enabled="true"
98-->[com.google.android.gms:play-services-ads-lite:22.2.0] AndroidManifest.xml:69:13-35
99            android:exported="false" />
99-->[com.google.android.gms:play-services-ads-lite:22.2.0] AndroidManifest.xml:70:13-37
100
101        <activity
101-->[com.google.android.gms:play-services-ads-lite:22.2.0] AndroidManifest.xml:73:9-77:43
102            android:name="com.google.android.gms.ads.OutOfContextTestingActivity"
102-->[com.google.android.gms:play-services-ads-lite:22.2.0] AndroidManifest.xml:74:13-82
103            android:configChanges="keyboard|keyboardHidden|orientation|screenLayout|uiMode|screenSize|smallestScreenSize"
103-->[com.google.android.gms:play-services-ads-lite:22.2.0] AndroidManifest.xml:75:13-122
104            android:exported="false" />
104-->[com.google.android.gms:play-services-ads-lite:22.2.0] AndroidManifest.xml:76:13-37
105
106        <provider
106-->[androidx.work:work-runtime:2.7.0] AndroidManifest.xml:31:9-39:20
107            android:name="androidx.startup.InitializationProvider"
107-->[androidx.work:work-runtime:2.7.0] AndroidManifest.xml:32:13-67
108            android:authorities="com.joyholdings.tunnel.androidx-startup"
108-->[androidx.work:work-runtime:2.7.0] AndroidManifest.xml:33:13-68
109            android:exported="false" >
109-->[androidx.work:work-runtime:2.7.0] AndroidManifest.xml:34:13-37
110            <meta-data
110-->[androidx.work:work-runtime:2.7.0] AndroidManifest.xml:36:13-38:52
111                android:name="androidx.work.WorkManagerInitializer"
111-->[androidx.work:work-runtime:2.7.0] AndroidManifest.xml:37:17-68
112                android:value="androidx.startup" />
112-->[androidx.work:work-runtime:2.7.0] AndroidManifest.xml:38:17-49
113        </provider>
114
115        <service
115-->[androidx.work:work-runtime:2.7.0] AndroidManifest.xml:41:9-46:35
116            android:name="androidx.work.impl.background.systemalarm.SystemAlarmService"
116-->[androidx.work:work-runtime:2.7.0] AndroidManifest.xml:42:13-88
117            android:directBootAware="false"
117-->[androidx.work:work-runtime:2.7.0] AndroidManifest.xml:43:13-44
118            android:enabled="@bool/enable_system_alarm_service_default"
118-->[androidx.work:work-runtime:2.7.0] AndroidManifest.xml:44:13-72
119            android:exported="false" />
119-->[androidx.work:work-runtime:2.7.0] AndroidManifest.xml:45:13-37
120        <service
120-->[androidx.work:work-runtime:2.7.0] AndroidManifest.xml:47:9-53:35
121            android:name="androidx.work.impl.background.systemjob.SystemJobService"
121-->[androidx.work:work-runtime:2.7.0] AndroidManifest.xml:48:13-84
122            android:directBootAware="false"
122-->[androidx.work:work-runtime:2.7.0] AndroidManifest.xml:49:13-44
123            android:enabled="@bool/enable_system_job_service_default"
123-->[androidx.work:work-runtime:2.7.0] AndroidManifest.xml:50:13-70
124            android:exported="true"
124-->[androidx.work:work-runtime:2.7.0] AndroidManifest.xml:51:13-36
125            android:permission="android.permission.BIND_JOB_SERVICE" />
125-->[androidx.work:work-runtime:2.7.0] AndroidManifest.xml:52:13-69
126        <service
126-->[androidx.work:work-runtime:2.7.0] AndroidManifest.xml:54:9-59:35
127            android:name="androidx.work.impl.foreground.SystemForegroundService"
127-->[androidx.work:work-runtime:2.7.0] AndroidManifest.xml:55:13-81
128            android:directBootAware="false"
128-->[androidx.work:work-runtime:2.7.0] AndroidManifest.xml:56:13-44
129            android:enabled="@bool/enable_system_foreground_service_default"
129-->[androidx.work:work-runtime:2.7.0] AndroidManifest.xml:57:13-77
130            android:exported="false" />
130-->[androidx.work:work-runtime:2.7.0] AndroidManifest.xml:58:13-37
131
132        <receiver
132-->[androidx.work:work-runtime:2.7.0] AndroidManifest.xml:61:9-66:35
133            android:name="androidx.work.impl.utils.ForceStopRunnable$BroadcastReceiver"
133-->[androidx.work:work-runtime:2.7.0] AndroidManifest.xml:62:13-88
134            android:directBootAware="false"
134-->[androidx.work:work-runtime:2.7.0] AndroidManifest.xml:63:13-44
135            android:enabled="true"
135-->[androidx.work:work-runtime:2.7.0] AndroidManifest.xml:64:13-35
136            android:exported="false" />
136-->[androidx.work:work-runtime:2.7.0] AndroidManifest.xml:65:13-37
137        <receiver
137-->[androidx.work:work-runtime:2.7.0] AndroidManifest.xml:67:9-77:20
138            android:name="androidx.work.impl.background.systemalarm.ConstraintProxy$BatteryChargingProxy"
138-->[androidx.work:work-runtime:2.7.0] AndroidManifest.xml:68:13-106
139            android:directBootAware="false"
139-->[androidx.work:work-runtime:2.7.0] AndroidManifest.xml:69:13-44
140            android:enabled="false"
140-->[androidx.work:work-runtime:2.7.0] AndroidManifest.xml:70:13-36
141            android:exported="false" >
141-->[androidx.work:work-runtime:2.7.0] AndroidManifest.xml:71:13-37
142            <intent-filter>
142-->[androidx.work:work-runtime:2.7.0] AndroidManifest.xml:73:13-76:29
143                <action android:name="android.intent.action.ACTION_POWER_CONNECTED" />
143-->[androidx.work:work-runtime:2.7.0] AndroidManifest.xml:74:17-87
143-->[androidx.work:work-runtime:2.7.0] AndroidManifest.xml:74:25-84
144                <action android:name="android.intent.action.ACTION_POWER_DISCONNECTED" />
144-->[androidx.work:work-runtime:2.7.0] AndroidManifest.xml:75:17-90
144-->[androidx.work:work-runtime:2.7.0] AndroidManifest.xml:75:25-87
145            </intent-filter>
146        </receiver>
147        <receiver
147-->[androidx.work:work-runtime:2.7.0] AndroidManifest.xml:78:9-88:20
148            android:name="androidx.work.impl.background.systemalarm.ConstraintProxy$BatteryNotLowProxy"
148-->[androidx.work:work-runtime:2.7.0] AndroidManifest.xml:79:13-104
149            android:directBootAware="false"
149-->[androidx.work:work-runtime:2.7.0] AndroidManifest.xml:80:13-44
150            android:enabled="false"
150-->[androidx.work:work-runtime:2.7.0] AndroidManifest.xml:81:13-36
151            android:exported="false" >
151-->[androidx.work:work-runtime:2.7.0] AndroidManifest.xml:82:13-37
152            <intent-filter>
152-->[androidx.work:work-runtime:2.7.0] AndroidManifest.xml:84:13-87:29
153                <action android:name="android.intent.action.BATTERY_OKAY" />
153-->[androidx.work:work-runtime:2.7.0] AndroidManifest.xml:85:17-77
153-->[androidx.work:work-runtime:2.7.0] AndroidManifest.xml:85:25-74
154                <action android:name="android.intent.action.BATTERY_LOW" />
154-->[androidx.work:work-runtime:2.7.0] AndroidManifest.xml:86:17-76
154-->[androidx.work:work-runtime:2.7.0] AndroidManifest.xml:86:25-73
155            </intent-filter>
156        </receiver>
157        <receiver
157-->[androidx.work:work-runtime:2.7.0] AndroidManifest.xml:89:9-99:20
158            android:name="androidx.work.impl.background.systemalarm.ConstraintProxy$StorageNotLowProxy"
158-->[androidx.work:work-runtime:2.7.0] AndroidManifest.xml:90:13-104
159            android:directBootAware="false"
159-->[androidx.work:work-runtime:2.7.0] AndroidManifest.xml:91:13-44
160            android:enabled="false"
160-->[androidx.work:work-runtime:2.7.0] AndroidManifest.xml:92:13-36
161            android:exported="false" >
161-->[androidx.work:work-runtime:2.7.0] AndroidManifest.xml:93:13-37
162            <intent-filter>
162-->[androidx.work:work-runtime:2.7.0] AndroidManifest.xml:95:13-98:29
163                <action android:name="android.intent.action.DEVICE_STORAGE_LOW" />
163-->[androidx.work:work-runtime:2.7.0] AndroidManifest.xml:96:17-83
163-->[androidx.work:work-runtime:2.7.0] AndroidManifest.xml:96:25-80
164                <action android:name="android.intent.action.DEVICE_STORAGE_OK" />
164-->[androidx.work:work-runtime:2.7.0] AndroidManifest.xml:97:17-82
164-->[androidx.work:work-runtime:2.7.0] AndroidManifest.xml:97:25-79
165            </intent-filter>
166        </receiver>
167        <receiver
167-->[androidx.work:work-runtime:2.7.0] AndroidManifest.xml:100:9-109:20
168            android:name="androidx.work.impl.background.systemalarm.ConstraintProxy$NetworkStateProxy"
168-->[androidx.work:work-runtime:2.7.0] AndroidManifest.xml:101:13-103
169            android:directBootAware="false"
169-->[androidx.work:work-runtime:2.7.0] AndroidManifest.xml:102:13-44
170            android:enabled="false"
170-->[androidx.work:work-runtime:2.7.0] AndroidManifest.xml:103:13-36
171            android:exported="false" >
171-->[androidx.work:work-runtime:2.7.0] AndroidManifest.xml:104:13-37
172            <intent-filter>
172-->[androidx.work:work-runtime:2.7.0] AndroidManifest.xml:106:13-108:29
173                <action android:name="android.net.conn.CONNECTIVITY_CHANGE" />
173-->[androidx.work:work-runtime:2.7.0] AndroidManifest.xml:107:17-79
173-->[androidx.work:work-runtime:2.7.0] AndroidManifest.xml:107:25-76
174            </intent-filter>
175        </receiver>
176        <receiver
176-->[androidx.work:work-runtime:2.7.0] AndroidManifest.xml:110:9-121:20
177            android:name="androidx.work.impl.background.systemalarm.RescheduleReceiver"
177-->[androidx.work:work-runtime:2.7.0] AndroidManifest.xml:111:13-88
178            android:directBootAware="false"
178-->[androidx.work:work-runtime:2.7.0] AndroidManifest.xml:112:13-44
179            android:enabled="false"
179-->[androidx.work:work-runtime:2.7.0] AndroidManifest.xml:113:13-36
180            android:exported="false" >
180-->[androidx.work:work-runtime:2.7.0] AndroidManifest.xml:114:13-37
181            <intent-filter>
181-->[androidx.work:work-runtime:2.7.0] AndroidManifest.xml:116:13-120:29
182                <action android:name="android.intent.action.BOOT_COMPLETED" />
182-->[androidx.work:work-runtime:2.7.0] AndroidManifest.xml:117:17-79
182-->[androidx.work:work-runtime:2.7.0] AndroidManifest.xml:117:25-76
183                <action android:name="android.intent.action.TIME_SET" />
183-->[androidx.work:work-runtime:2.7.0] AndroidManifest.xml:118:17-73
183-->[androidx.work:work-runtime:2.7.0] AndroidManifest.xml:118:25-70
184                <action android:name="android.intent.action.TIMEZONE_CHANGED" />
184-->[androidx.work:work-runtime:2.7.0] AndroidManifest.xml:119:17-81
184-->[androidx.work:work-runtime:2.7.0] AndroidManifest.xml:119:25-78
185            </intent-filter>
186        </receiver>
187        <receiver
187-->[androidx.work:work-runtime:2.7.0] AndroidManifest.xml:122:9-131:20
188            android:name="androidx.work.impl.background.systemalarm.ConstraintProxyUpdateReceiver"
188-->[androidx.work:work-runtime:2.7.0] AndroidManifest.xml:123:13-99
189            android:directBootAware="false"
189-->[androidx.work:work-runtime:2.7.0] AndroidManifest.xml:124:13-44
190            android:enabled="@bool/enable_system_alarm_service_default"
190-->[androidx.work:work-runtime:2.7.0] AndroidManifest.xml:125:13-72
191            android:exported="false" >
191-->[androidx.work:work-runtime:2.7.0] AndroidManifest.xml:126:13-37
192            <intent-filter>
192-->[androidx.work:work-runtime:2.7.0] AndroidManifest.xml:128:13-130:29
193                <action android:name="androidx.work.impl.background.systemalarm.UpdateProxies" />
193-->[androidx.work:work-runtime:2.7.0] AndroidManifest.xml:129:17-98
193-->[androidx.work:work-runtime:2.7.0] AndroidManifest.xml:129:25-95
194            </intent-filter>
195        </receiver>
196        <receiver
196-->[androidx.work:work-runtime:2.7.0] AndroidManifest.xml:132:9-142:20
197            android:name="androidx.work.impl.diagnostics.DiagnosticsReceiver"
197-->[androidx.work:work-runtime:2.7.0] AndroidManifest.xml:133:13-78
198            android:directBootAware="false"
198-->[androidx.work:work-runtime:2.7.0] AndroidManifest.xml:134:13-44
199            android:enabled="true"
199-->[androidx.work:work-runtime:2.7.0] AndroidManifest.xml:135:13-35
200            android:exported="true"
200-->[androidx.work:work-runtime:2.7.0] AndroidManifest.xml:136:13-36
201            android:permission="android.permission.DUMP" >
201-->[androidx.work:work-runtime:2.7.0] AndroidManifest.xml:137:13-57
202            <intent-filter>
202-->[androidx.work:work-runtime:2.7.0] AndroidManifest.xml:139:13-141:29
203                <action android:name="androidx.work.diagnostics.REQUEST_DIAGNOSTICS" />
203-->[androidx.work:work-runtime:2.7.0] AndroidManifest.xml:140:17-88
203-->[androidx.work:work-runtime:2.7.0] AndroidManifest.xml:140:25-85
204            </intent-filter>
205        </receiver>
206
207        <service
207-->[androidx.room:room-runtime:2.2.5] AndroidManifest.xml:25:9-28:40
208            android:name="androidx.room.MultiInstanceInvalidationService"
208-->[androidx.room:room-runtime:2.2.5] AndroidManifest.xml:26:13-74
209            android:directBootAware="true"
209-->[androidx.room:room-runtime:2.2.5] AndroidManifest.xml:27:13-43
210            android:exported="false" />
210-->[androidx.room:room-runtime:2.2.5] AndroidManifest.xml:28:13-37
211
212        <activity
212-->[com.google.android.gms:play-services-base:18.2.0] AndroidManifest.xml:20:9-22:45
213            android:name="com.google.android.gms.common.api.GoogleApiActivity"
213-->[com.google.android.gms:play-services-base:18.2.0] AndroidManifest.xml:20:19-85
214            android:exported="false"
214-->[com.google.android.gms:play-services-base:18.2.0] AndroidManifest.xml:22:19-43
215            android:theme="@android:style/Theme.Translucent.NoTitleBar" />
215-->[com.google.android.gms:play-services-base:18.2.0] AndroidManifest.xml:21:19-78
216
217        <service
217-->[com.google.android.gms:play-services-measurement-api:21.3.0] AndroidManifest.xml:28:9-34:19
218            android:name="com.google.firebase.components.ComponentDiscoveryService"
218-->[com.google.android.gms:play-services-measurement-api:21.3.0] AndroidManifest.xml:29:13-84
219            android:directBootAware="true"
219-->[com.google.firebase:firebase-common:20.3.3] AndroidManifest.xml:34:13-43
220            android:exported="false" >
220-->[com.google.android.gms:play-services-measurement-api:21.3.0] AndroidManifest.xml:30:13-37
221            <meta-data
221-->[com.google.android.gms:play-services-measurement-api:21.3.0] AndroidManifest.xml:31:13-33:85
222                android:name="com.google.firebase.components:com.google.firebase.analytics.connector.internal.AnalyticsConnectorRegistrar"
222-->[com.google.android.gms:play-services-measurement-api:21.3.0] AndroidManifest.xml:32:17-139
223                android:value="com.google.firebase.components.ComponentRegistrar" />
223-->[com.google.android.gms:play-services-measurement-api:21.3.0] AndroidManifest.xml:33:17-82
224            <meta-data
224-->[com.google.firebase:firebase-installations:17.1.3] AndroidManifest.xml:17:13-19:85
225                android:name="com.google.firebase.components:com.google.firebase.installations.FirebaseInstallationsRegistrar"
225-->[com.google.firebase:firebase-installations:17.1.3] AndroidManifest.xml:18:17-127
226                android:value="com.google.firebase.components.ComponentRegistrar" />
226-->[com.google.firebase:firebase-installations:17.1.3] AndroidManifest.xml:19:17-82
227        </service>
228
229        <provider
229-->[com.google.firebase:firebase-common:20.3.3] AndroidManifest.xml:25:9-30:39
230            android:name="com.google.firebase.provider.FirebaseInitProvider"
230-->[com.google.firebase:firebase-common:20.3.3] AndroidManifest.xml:26:13-77
231            android:authorities="com.joyholdings.tunnel.firebaseinitprovider"
231-->[com.google.firebase:firebase-common:20.3.3] AndroidManifest.xml:27:13-72
232            android:directBootAware="true"
232-->[com.google.firebase:firebase-common:20.3.3] AndroidManifest.xml:28:13-43
233            android:exported="false"
233-->[com.google.firebase:firebase-common:20.3.3] AndroidManifest.xml:29:13-37
234            android:initOrder="100" />
234-->[com.google.firebase:firebase-common:20.3.3] AndroidManifest.xml:30:13-36
235
236        <receiver
236-->[com.google.android.gms:play-services-measurement:21.3.0] AndroidManifest.xml:29:9-33:20
237            android:name="com.google.android.gms.measurement.AppMeasurementReceiver"
237-->[com.google.android.gms:play-services-measurement:21.3.0] AndroidManifest.xml:30:13-85
238            android:enabled="true"
238-->[com.google.android.gms:play-services-measurement:21.3.0] AndroidManifest.xml:31:13-35
239            android:exported="false" >
239-->[com.google.android.gms:play-services-measurement:21.3.0] AndroidManifest.xml:32:13-37
240        </receiver>
241
242        <service
242-->[com.google.android.gms:play-services-measurement:21.3.0] AndroidManifest.xml:35:9-38:40
243            android:name="com.google.android.gms.measurement.AppMeasurementService"
243-->[com.google.android.gms:play-services-measurement:21.3.0] AndroidManifest.xml:36:13-84
244            android:enabled="true"
244-->[com.google.android.gms:play-services-measurement:21.3.0] AndroidManifest.xml:37:13-35
245            android:exported="false" />
245-->[com.google.android.gms:play-services-measurement:21.3.0] AndroidManifest.xml:38:13-37
246        <service
246-->[com.google.android.gms:play-services-measurement:21.3.0] AndroidManifest.xml:39:9-43:72
247            android:name="com.google.android.gms.measurement.AppMeasurementJobService"
247-->[com.google.android.gms:play-services-measurement:21.3.0] AndroidManifest.xml:40:13-87
248            android:enabled="true"
248-->[com.google.android.gms:play-services-measurement:21.3.0] AndroidManifest.xml:41:13-35
249            android:exported="false"
249-->[com.google.android.gms:play-services-measurement:21.3.0] AndroidManifest.xml:42:13-37
250            android:permission="android.permission.BIND_JOB_SERVICE" />
250-->[com.google.android.gms:play-services-measurement:21.3.0] AndroidManifest.xml:43:13-69
251
252        <provider
252-->[androidx.lifecycle:lifecycle-process:2.2.0] AndroidManifest.xml:25:9-29:43
253            android:name="androidx.lifecycle.ProcessLifecycleOwnerInitializer"
253-->[androidx.lifecycle:lifecycle-process:2.2.0] AndroidManifest.xml:26:13-79
254            android:authorities="com.joyholdings.tunnel.lifecycle-process"
254-->[androidx.lifecycle:lifecycle-process:2.2.0] AndroidManifest.xml:27:13-69
255            android:exported="false"
255-->[androidx.lifecycle:lifecycle-process:2.2.0] AndroidManifest.xml:28:13-37
256            android:multiprocess="true" />
256-->[androidx.lifecycle:lifecycle-process:2.2.0] AndroidManifest.xml:29:13-40
257
258        <meta-data
258-->[com.google.android.gms:play-services-basement:18.1.0] AndroidManifest.xml:21:9-23:69
259            android:name="com.google.android.gms.version"
259-->[com.google.android.gms:play-services-basement:18.1.0] AndroidManifest.xml:22:13-58
260            android:value="@integer/google_play_services_version" />
260-->[com.google.android.gms:play-services-basement:18.1.0] AndroidManifest.xml:23:13-66
261    </application>
262
263</manifest>